Build started 12/04/2019 9:26:28.
     1>Project "C:\Users\Alumnos\Documents\Visual Studio 2010\Projects\EjemploHerencia\EjemploHerencia\EjemploHerencia.vcxproj" on node 2 (build target(s)).
     1>InitializeBuildStatus:
         Creating "Debug\EjemploHerencia.unsuccessfulbuild" because "AlwaysCreate" was specified.
       ClCompile:
         C:\Program Files (x86)\Microsoft Visual Studio 10.0\VC\bin\CL.exe /c /ZI /nologo /W3 /WX- /Od /Oy- /D WIN32 /D _DEBUG /D _CONSOLE /D _UNICODE /D UNICODE /Gm /EHsc /RTC1 /MDd /GS /fp:precise /Zc:wchar_t /Zc:forScope /Yc"StdAfx.h" /Fp"Debug\EjemploHerencia.pch" /Fo"Debug\\" /Fd"Debug\vc100.pdb" /Gd /TP /analyze- /errorReport:prompt stdafx.cpp
         stdafx.cpp
         C:\Program Files (x86)\Microsoft Visual Studio 10.0\VC\bin\CL.exe /c /ZI /nologo /W3 /WX- /Od /Oy- /D WIN32 /D _DEBUG /D _CONSOLE /D _UNICODE /D UNICODE /Gm /EHsc /RTC1 /MDd /GS /fp:precise /Zc:wchar_t /Zc:forScope /Yu"StdAfx.h" /Fp"Debug\EjemploHerencia.pch" /Fo"Debug\\" /Fd"Debug\vc100.pdb" /Gd /TP /analyze- /errorReport:prompt EjemploHerencia.cpp Rectangulo.cpp Shape.cpp
         Shape.cpp
         Rectangulo.cpp
         EjemploHerencia.cpp
     1>c:\users\alumnos\documents\visual studio 2010\projects\ejemploherencia\ejemploherencia\ejemploherencia.cpp(19): warning C4996: 'getch': The POSIX name for this item is deprecated. Instead, use the ISO C++ conformant name: _getch. See online help for details.
                 c:\program files (x86)\microsoft visual studio 10.0\vc\include\conio.h(128) : see declaration of 'getch'
         Generating Code...
       ManifestResourceCompile:
         C:\Program Files (x86)\Microsoft SDKs\Windows\v7.0A\bin\rc.exe /nologo /fo"Debug\EjemploHerencia.exe.embed.manifest.res" Debug\EjemploHerencia_manifest.rc 
       Link:
         C:\Program Files (x86)\Microsoft Visual Studio 10.0\VC\bin\link.exe /ERRORREPORT:PROMPT /OUT:"C:\Users\Alumnos\Documents\Visual Studio 2010\Projects\EjemploHerencia\Debug\EjemploHerencia.exe" /INCREMENTAL /NOLOGO kernel32.lib user32.lib gdi32.lib winspool.lib comdlg32.lib advapi32.lib shell32.lib ole32.lib oleaut32.lib uuid.lib odbc32.lib odbccp32.lib /MANIFEST /ManifestFile:"Debug\EjemploHerencia.exe.intermediate.manifest" /MANIFESTUAC:"level='asInvoker' uiAccess='false'" /DEBUG /PDB:"C:\Users\Alumnos\Documents\Visual Studio 2010\Projects\EjemploHerencia\Debug\EjemploHerencia.pdb" /SUBSYSTEM:CONSOLE /TLBID:1 /DYNAMICBASE /NXCOMPAT /IMPLIB:"C:\Users\Alumnos\Documents\Visual Studio 2010\Projects\EjemploHerencia\Debug\EjemploHerencia.lib" /MACHINE:X86 Debug\EjemploHerencia.exe.embed.manifest.res
         Debug\EjemploHerencia.obj
         Debug\Rectangulo.obj
         Debug\Shape.obj
         Debug\stdafx.obj
       Manifest:
         Deleting file "Debug\EjemploHerencia.exe.embed.manifest".
         C:\Program Files (x86)\Microsoft SDKs\Windows\v7.0A\bin\mt.exe /nologo /verbose /out:"Debug\EjemploHerencia.exe.embed.manifest" /manifest Debug\EjemploHerencia.exe.intermediate.manifest
         C:\Program Files (x86)\Microsoft SDKs\Windows\v7.0A\bin\rc.exe /nologo /fo"Debug\EjemploHerencia.exe.embed.manifest.res" Debug\EjemploHerencia_manifest.rc 
       LinkEmbedManifest:
         C:\Program Files (x86)\Microsoft Visual Studio 10.0\VC\bin\link.exe /ERRORREPORT:PROMPT /OUT:"C:\Users\Alumnos\Documents\Visual Studio 2010\Projects\EjemploHerencia\Debug\EjemploHerencia.exe" /INCREMENTAL /NOLOGO kernel32.lib user32.lib gdi32.lib winspool.lib comdlg32.lib advapi32.lib shell32.lib ole32.lib oleaut32.lib uuid.lib odbc32.lib odbccp32.lib /MANIFEST /ManifestFile:"Debug\EjemploHerencia.exe.intermediate.manifest" /MANIFESTUAC:"level='asInvoker' uiAccess='false'" /DEBUG /PDB:"C:\Users\Alumnos\Documents\Visual Studio 2010\Projects\EjemploHerencia\Debug\EjemploHerencia.pdb" /SUBSYSTEM:CONSOLE /TLBID:1 /DYNAMICBASE /NXCOMPAT /IMPLIB:"C:\Users\Alumnos\Documents\Visual Studio 2010\Projects\EjemploHerencia\Debug\EjemploHerencia.lib" /MACHINE:X86 Debug\EjemploHerencia.exe.embed.manifest.res
         Debug\EjemploHerencia.obj
         Debug\Rectangulo.obj
         Debug\Shape.obj
         Debug\stdafx.obj
         EjemploHerencia.vcxproj -> C:\Users\Alumnos\Documents\Visual Studio 2010\Projects\EjemploHerencia\Debug\EjemploHerencia.exe
       FinalizeBuildStatus:
         Deleting file "Debug\EjemploHerencia.unsuccessfulbuild".
         Touching "Debug\EjemploHerencia.lastbuildstate".
     1>Done Building Project "C:\Users\Alumnos\Documents\Visual Studio 2010\Projects\EjemploHerencia\EjemploHerencia\EjemploHerencia.vcxproj" (build target(s)).

Build succeeded.

Time Elapsed 00:00:01.15
